==23555== Memcheck, a memory error detector
==23555== Copyright (C) 2002-2017, and GNU GPL'd, by Julian Seward et al.
==23555== Using Valgrind-3.18.1 and LibVEX; rerun with -h for copyright info
==23555== Command: ./fdf test_maps/42.fdf
==23555== Parent PID: 14639
==23555== 
==23555== 
==23555== Process terminating with default action of signal 11 (SIGSEGV)
==23555==  General Protection Fault
==23555==    at 0x543BEC2: __pthread_once_slow (pthread_once.c:114)
==23555==    by 0x550A6D2: __rpc_thread_variables (rpc_thread.c:59)
==23555==    by 0x555DA0C: free_mem (in /usr/lib/x86_64-linux-gnu/libc.so.6)
==23555==    by 0x555D541: __libc_freeres (in /usr/lib/x86_64-linux-gnu/libc.so.6)
==23555==    by 0x483F1B2: _vgnU_freeres (in /usr/libexec/valgrind/vgpreload_core-amd64-linux.so)
==23555==    by 0x4A533DF: ???
==23555==    by 0x49492D6: __sanitizer::Die() (sanitizer_termination.cpp:59)
==23555==    by 0x491F3B8: __asan::AsanCheckDynamicRTPrereqs() (asan_linux.cpp:181)
==23555==    by 0x492B564: __asan::AsanInitInternal() [clone .part.0] (asan_rtl.cpp:420)
==23555==    by 0x40065BD: _dl_init (dl-init.c:102)
==23555==    by 0x40202C9: ??? (in /usr/lib/x86_64-linux-gnu/ld-linux-x86-64.so.2)
==23555==    by 0x1: ???
==23555== 
==23555== HEAP SUMMARY:
==23555==     in use at exit: 0 bytes in 0 blocks
==23555==   total heap usage: 0 allocs, 0 frees, 0 bytes allocated
==23555== 
==23555== All heap blocks were freed -- no leaks are possible
==23555== 
==23555== For lists of detected and suppressed errors, rerun with: -s
==23555== ERROR SUMMARY: 0 errors from 0 contexts (suppressed: 0 from 0)
